[storage.googleapis.com/uxfolio/5f85e9dd423ec800041268d5/logo_h52.png]
[backblue.gif]
[fade.gif]
[index.html]
[storage.googleapis.com/uxfolio/5f85e9dd423ec800041268d5/5f957d5d216ce00004dbfa53/klxC7HCaUsnimt7f.png]
[storage.googleapis.com/uxfolio/5f85e9dd423ec800041268d5/5fefb17523df1100042ab8c9/t0rPgEtCq26kFLmj.png]
[storage.googleapis.com/uxfolio/5f85e9dd423ec800041268d5/5fb2a24190610500048a0f94/lt2Ny46enzxd8Bta.png]
[storage.googleapis.com/uxfolio/5f85e9dd423ec800041268d5/5f957d52216ce00004dbfa52/dncYNG70A5pLAsBv.png]
[storage.googleapis.com/uxfolio/5f85e9dd423ec800041268d5/5f957d67216ce00004dbfa54/W1KAx79FaZ6mx2ec.png]
[junqianliang.me/dist/csv-87b0320a658e45dbeb6b413429a56e21.js]
[junqianliang.me/index.html]
[www.googletagmanager.com/gtm5445.html]
[junqianliang.me/dist/styles-8646560b0bc53fc01b1d396774a3bec7.css]
[junqianliang.me/dist/case-study-view-a993016697c500e380c56c2749bcd5e6.css]
[storage.googleapis.com/uxfolio/5f85e9dd423ec800041268d5/5f957d5d216ce00004dbfa53/s1xbfvYv4VZh0a2S.png]
[storage.googleapis.com/uxfolio/5f85e9dd423ec800041268d5/5f957d5d216ce00004dbfa53/DEOw6zLCet4p932C.png]
[storage.googleapis.com/uxfolio/5f85e9dd423ec800041268d5/5f957d5d216ce00004dbfa53/FAmFDyrEPtM0GsW6.png]
[storage.googleapis.com/uxfolio/5f85e9dd423ec800041268d5/5f957d5d216ce00004dbfa53/jdSyOB4tln6q4T1A.png]
[storage.googleapis.com/uxfolio/5f85e9dd423ec800041268d5/5f957d5d216ce00004dbfa53/yNyJajfg46LT1iUI.png]
[storage.googleapis.com/uxfolio/5f85e9dd423ec800041268d5/5f957d5d216ce00004dbfa53/XqUHpP4JASFKBmY8.png]
[storage.googleapis.com/uxfolio/5f85e9dd423ec800041268d5/5f957d5d216ce00004dbfa53/8lYiKggiUTGbL3Ka.png]
[storage.googleapis.com/uxfolio/5f85e9dd423ec800041268d5/5f957d5d216ce00004dbfa53/qy9Fe3grbSyeNOpu.png]
[storage.googleapis.com/uxfolio/5f85e9dd423ec800041268d5/5f957d5d216ce00004dbfa53/Ou2onqqO6MQaFrsp.png]
[storage.googleapis.com/uxfolio/5f85e9dd423ec800041268d5/5f957d5d216ce00004dbfa53/36uMlLRiLD7fFZ7O.png]
[storage.googleapis.com/uxfolio/5f85e9dd423ec800041268d5/5f957d5d216ce00004dbfa53/uRVO7rwfbfSc0F8U.jpeg]
[storage.googleapis.com/uxfolio/5f85e9dd423ec800041268d5/5f957d5d216ce00004dbfa53/7u06QLpqbaQf76PM.png]
[storage.googleapis.com/uxfolio/5f85e9dd423ec800041268d5/5f957d5d216ce00004dbfa53/kKi3ZeKTt0gy3WiX.png]
[storage.googleapis.com/uxfolio/5f85e9dd423ec800041268d5/5f957d5d216ce00004dbfa53/lbGSZwxzTlNvUbnW.png]
[storage.googleapis.com/uxfolio/5f85e9dd423ec800041268d5/5f957d5d216ce00004dbfa53/WgR53Dzh89e7sbql.gif]
[storage.googleapis.com/uxfolio/5f85e9dd423ec800041268d5/5f957d5d216ce00004dbfa53/voxzbZuibv2De39N.gif]
[storage.googleapis.com/uxfolio/5f85e9dd423ec800041268d5/5f957d5d216ce00004dbfa53/wMRL4SmbADX2wlXR.png]
[storage.googleapis.com/uxfolio/5f85e9dd423ec800041268d5/5f957d5d216ce00004dbfa53/UTGPAvDfPKkpAp54.gif]
[storage.googleapis.com/uxfolio/5f85e9dd423ec800041268d5/5f957d5d216ce00004dbfa53/YjJV95CB8RyHeO7g.png]
[storage.googleapis.com/uxfolio/5f85e9dd423ec800041268d5/5f957d5d216ce00004dbfa53/WVIv0UCV85avOrLg.png]
[storage.googleapis.com/uxfolio/5f85e9dd423ec800041268d5/5f957d5d216ce00004dbfa53/jT923u772aLDtwaS.png]
[storage.googleapis.com/uxfolio/5f85e9dd423ec800041268d5/5f957d5d216ce00004dbfa53/QAKERhFfpZKhPVaB.png]
[junqianliang.me/p/runningsun.liang/04dbfa53.html]
[storage.googleapis.com/uxfolio/5f85e9dd423ec800041268d5/5fefb17523df1100042ab8c9/z7zasPpuYwxHSROi.png]
[storage.googleapis.com/uxfolio/5f85e9dd423ec800041268d5/5fefb17523df1100042ab8c9/4aDNcX3qAkP4VDpw.png]
[storage.googleapis.com/uxfolio/5f85e9dd423ec800041268d5/5fefb17523df1100042ab8c9/wdJ4obz2sByw3VAk.png]
[storage.googleapis.com/uxfolio/5f85e9dd423ec800041268d5/5fefb17523df1100042ab8c9/nsdme94hr6QUIhRI.png]
[storage.googleapis.com/uxfolio/5f85e9dd423ec800041268d5/5fefb17523df1100042ab8c9/lYKhn1yHjfemORMv.png]
[storage.googleapis.com/uxfolio/5f85e9dd423ec800041268d5/5fefb17523df1100042ab8c9/pJ8ys57fQDbdBpUr.png]
[storage.googleapis.com/uxfolio/5f85e9dd423ec800041268d5/5fefb17523df1100042ab8c9/IMpBXWcSWUiGeA8F.png]
[storage.googleapis.com/uxfolio/5f85e9dd423ec800041268d5/5fefb17523df1100042ab8c9/lZSkvOsrd68YO6Zt.png]
[storage.googleapis.com/uxfolio/5f85e9dd423ec800041268d5/5fefb17523df1100042ab8c9/O5N9KsVC0gzcnTFa.png]
[storage.googleapis.com/uxfolio/5f85e9dd423ec800041268d5/5fefb17523df1100042ab8c9/2DZHm9ttnung3QjE.png]
[storage.googleapis.com/uxfolio/5f85e9dd423ec800041268d5/5fefb17523df1100042ab8c9/xlmEeeVdkALeGAbf.png]
[storage.googleapis.com/uxfolio/5f85e9dd423ec800041268d5/5fefb17523df1100042ab8c9/Iz0SUjKtX2DjPQEF.png]
[storage.googleapis.com/uxfolio/5f85e9dd423ec800041268d5/5fefb17523df1100042ab8c9/e2SwI1DE1q2Nfd5P.png]
[storage.googleapis.com/uxfolio/5f85e9dd423ec800041268d5/5fefb17523df1100042ab8c9/8Y3NONBiPVyVCtLt.png]
[storage.googleapis.com/uxfolio/5f85e9dd423ec800041268d5/5fefb17523df1100042ab8c9/TeLNUNvxLrTp2NLA.png]
[storage.googleapis.com/uxfolio/5f85e9dd423ec800041268d5/5fefb17523df1100042ab8c9/lQWfNtNmyyPHA9dZ.png]
[junqianliang.me/p/runningsun.liang/042ab8c9.html]
[storage.googleapis.com/uxfolio/5f85e9dd423ec800041268d5/5fb2a24190610500048a0f94/3rtmQpHKxIVNuJRP.png]
[storage.googleapis.com/uxfolio/5f85e9dd423ec800041268d5/5fb2a24190610500048a0f94/wcaBAfN9nlBSR5Ql.png]
[storage.googleapis.com/uxfolio/5f85e9dd423ec800041268d5/5fb2a24190610500048a0f94/d8dzoMYPpwYj3HRS.png]
[storage.googleapis.com/uxfolio/5f85e9dd423ec800041268d5/5fb2a24190610500048a0f94/URQeJFbYsYUSnZYu.png]
[storage.googleapis.com/uxfolio/5f85e9dd423ec800041268d5/5fb2a24190610500048a0f94/RhrVI2e3bvfBo3WT.png]
[storage.googleapis.com/uxfolio/5f85e9dd423ec800041268d5/5fb2a24190610500048a0f94/OGiW328NkqlMLmeQ.png]
[storage.googleapis.com/uxfolio/5f85e9dd423ec800041268d5/5fb2a24190610500048a0f94/7RJ9X6Ex0c1yFw0b.png]
[storage.googleapis.com/uxfolio/5f85e9dd423ec800041268d5/5fb2a24190610500048a0f94/wYfwcQfLpil4ZBEe.png]
[storage.googleapis.com/uxfolio/5f85e9dd423ec800041268d5/5fb2a24190610500048a0f94/weL1TnPAD9XEomxm.png]
[storage.googleapis.com/uxfolio/5f85e9dd423ec800041268d5/5fb2a24190610500048a0f94/oiGELRGu6gayc3Mk.png]
[storage.googleapis.com/uxfolio/5f85e9dd423ec800041268d5/5fb2a24190610500048a0f94/hB1DW0hv0NKXlYj0.png]
[storage.googleapis.com/uxfolio/5f85e9dd423ec800041268d5/5fb2a24190610500048a0f94/xgUZiqUMFcefPVwa.png]
[storage.googleapis.com/uxfolio/5f85e9dd423ec800041268d5/5fb2a24190610500048a0f94/NFfPhRGClsTScP97.png]
[storage.googleapis.com/uxfolio/5f85e9dd423ec800041268d5/5fb2a24190610500048a0f94/FpAUuY8kL6jLoijD.png]
[junqianliang.me/p/runningsun.liang/048a0f94.html]
[storage.googleapis.com/uxfolio/5f85e9dd423ec800041268d5/5f957d52216ce00004dbfa52/IyIKqMpgy2mNpGBI.png]
[storage.googleapis.com/uxfolio/5f85e9dd423ec800041268d5/5f957d52216ce00004dbfa52/P5O9uKXgDqzHPJ15.png]
[storage.googleapis.com/uxfolio/5f85e9dd423ec800041268d5/5f957d52216ce00004dbfa52/RcoI5wgnyFNLBEMV.png]
[storage.googleapis.com/uxfolio/5f85e9dd423ec800041268d5/5f957d52216ce00004dbfa52/gZC5KBr4lYYCz8KO.png]
[storage.googleapis.com/uxfolio/5f85e9dd423ec800041268d5/5f957d52216ce00004dbfa52/lPCPt75EJNivNS2o.png]
[storage.googleapis.com/uxfolio/5f85e9dd423ec800041268d5/5f957d52216ce00004dbfa52/yUKfcEVfzDJ877Jm.png]
[storage.googleapis.com/uxfolio/5f85e9dd423ec800041268d5/5f957d52216ce00004dbfa52/OLdcCHWibKvafAJR.png]
[storage.googleapis.com/uxfolio/5f85e9dd423ec800041268d5/5f957d52216ce00004dbfa52/dYArG1vW9jIMgf1n.png]
[storage.googleapis.com/uxfolio/5f85e9dd423ec800041268d5/5f957d52216ce00004dbfa52/QTnMvV9V0A4y9RJk.gif]
[storage.googleapis.com/uxfolio/5f85e9dd423ec800041268d5/5f957d52216ce00004dbfa52/aH5QLj0HLzPFfDG1.png]
[storage.googleapis.com/uxfolio/5f85e9dd423ec800041268d5/5f957d52216ce00004dbfa52/sAxclilMVmeC9JwY.png]
[junqianliang.me/p/runningsun.liang/04dbfa52.html]
[storage.googleapis.com/uxfolio/5f85e9dd423ec800041268d5/5f957d67216ce00004dbfa54/RqasG5CaiTeXEDu9.png]
[storage.googleapis.com/uxfolio/5f85e9dd423ec800041268d5/5f957d67216ce00004dbfa54/yLV2V1OIDvYrSWFO.png]
[storage.googleapis.com/uxfolio/5f85e9dd423ec800041268d5/5f957d67216ce00004dbfa54/WNcxJszjCddOj1Vj.jpg]
[storage.googleapis.com/uxfolio/5f85e9dd423ec800041268d5/5f957d67216ce00004dbfa54/TrZfrvFtVgpHG2jJ.png]
[storage.googleapis.com/uxfolio/5f85e9dd423ec800041268d5/5f957d67216ce00004dbfa54/BpuADqsOtgs007xr.png]
[storage.googleapis.com/uxfolio/5f85e9dd423ec800041268d5/5f957d67216ce00004dbfa54/OTQgPRhk1sPNGdXb.png]
[storage.googleapis.com/uxfolio/5f85e9dd423ec800041268d5/5f957d67216ce00004dbfa54/4Fr03kZTYeZRITd1.png]
[storage.googleapis.com/uxfolio/5f85e9dd423ec800041268d5/5f957d67216ce00004dbfa54/UZEeWnH4xFq1Uv7i.png]
[storage.googleapis.com/uxfolio/5f85e9dd423ec800041268d5/5f957d67216ce00004dbfa54/s8fGZVauLUWrlYVz.gif]
[storage.googleapis.com/uxfolio/5f85e9dd423ec800041268d5/5f957d67216ce00004dbfa54/gb9GxJCGtNsmmkZJ.png]
[junqianliang.me/p/runningsun.liang/04dbfa54.html]
[unpkg.com/axios/dist/axios.min.5c.delayed]
[junqianliang.me/runningsun.liang/contact.html]
[junqianliang.me/mockups/mockup--mobile--realistic--light--no-notch.svg]
[unpkg.com/axios@0.23.0/dist/axios.min.js]
[junqianliang.me/mockups/mockup--desktop--realistic--light--no-notch.svg]
[junqianliang.me/mockups/mockup--mobile--semi-realistic--light--no-notch.svg]
